<?xml version="1.0" encoding="utf-8"?><testsuites><testsuite name="pytest" errors="0" failures="0" skipped="1" tests="24" time="6.760" timestamp="2022-07-10T20:13:39.213729" hostname="fv-az447-376"><testcase classname="qdscreen.tests.test_core" name="test_adjacency_strict" time="0.027" /><testcase classname="qdscreen.tests.test_core" name="test_adjacency_invalid_thresholds" time="0.002" /><testcase classname="qdscreen.tests.test_core" name="test_adjacency_quasi_low_threshold[None-None]" time="0.023" /><testcase classname="qdscreen.tests.test_core" name="test_adjacency_quasi_low_threshold[0.2-None]" time="0.022" /><testcase classname="qdscreen.tests.test_core" name="test_adjacency_quasi_low_threshold[None-0.15]" time="0.029" /><testcase classname="qdscreen.tests.test_core" name="test_adjacency_quasi_high_threshold[0.33-None]" time="0.026" /><testcase classname="qdscreen.tests.test_core" name="test_adjacency_quasi_high_threshold[None-0.21]" time="0.028" /><testcase classname="qdscreen.tests.test_core" name="test_remove_redundancies" time="0.004" /><testcase classname="qdscreen.tests.test_core" name="test_qd_forest[is_np=True-from_adjmat=True]" time="0.002" /><testcase classname="qdscreen.tests.test_core" name="test_qd_forest[is_np=True-from_adjmat=False]" time="0.002" /><testcase classname="qdscreen.tests.test_core" name="test_qd_forest[is_np=False-from_adjmat=True]" time="0.012" /><testcase classname="qdscreen.tests.test_core" name="test_qd_forest[is_np=False-from_adjmat=False]" time="0.015" /><testcase classname="qdscreen.tests.test_core" name="test_qd_forest_str[True-True]" time="0.002" /><testcase classname="qdscreen.tests.test_core" name="test_qd_forest_str[True-False]" time="0.002" /><testcase classname="qdscreen.tests.test_core" name="test_qd_forest_str[False-True]" time="0.073" /><testcase classname="qdscreen.tests.test_core" name="test_qd_forest_str[False-False]" time="0.017" /><testcase classname="qdscreen.tests.test_readme" name="test_encoding" time="0.002" /><testcase classname="qdscreen.tests.test_readme" name="test_readme_simple" time="0.162" /><testcase classname="qdscreen.tests.test_readme" name="test_readme_quasi" time="2.761" /><testcase classname="qdscreen.tests.test_readme" name="test_readme_skl[int]" time="0.079" /><testcase classname="qdscreen.tests.test_readme" name="test_readme_skl[str]" time="0.080" /><testcase classname="qdscreen.tests.test_readme" name="test_readme_skl[mixed]" time="0.001"><skipped type="pytest.skip" message="Mixed dtypes do not exist in numpy unstructured arrays">/home/runner/work/qdscreen/qdscreen/qdscreen/tests/test_readme.py:213: Mixed dtypes do not exist in numpy unstructured arrays</skipped></testcase><testcase classname="qdscreen.tests.test_readme" name="test_readme[pandas]" time="0.868" /><testcase classname="qdscreen.tests.test_readme" name="test_readme[numpy_unstructured]" time="0.852" /></testsuite></testsuites>