<?xml version="1.0" encoding="utf-8"?><testsuites><testsuite errors="0" failures="0" hostname="fv-az208-925" name="pytest" skipped="1" tests="24" time="4.318" timestamp="2021-11-10T14:27:00.561259"><testcase classname="qdscreen.tests.test_core" name="test_adjacency_strict" time="0.016" /><testcase classname="qdscreen.tests.test_core" name="test_adjacency_invalid_thresholds" time="0.001" /><testcase classname="qdscreen.tests.test_core" name="test_adjacency_quasi_low_threshold[None-None]" time="0.014" /><testcase classname="qdscreen.tests.test_core" name="test_adjacency_quasi_low_threshold[0.2-None]" time="0.014" /><testcase classname="qdscreen.tests.test_core" name="test_adjacency_quasi_low_threshold[None-0.15]" time="0.019" /><testcase classname="qdscreen.tests.test_core" name="test_adjacency_quasi_high_threshold[0.33-None]" time="0.014" /><testcase classname="qdscreen.tests.test_core" name="test_adjacency_quasi_high_threshold[None-0.21]" time="0.018" /><testcase classname="qdscreen.tests.test_core" name="test_remove_redundancies" time="0.003" /><testcase classname="qdscreen.tests.test_core" name="test_qd_forest[is_np=True-from_adjmat=True]" time="0.001" /><testcase classname="qdscreen.tests.test_core" name="test_qd_forest[is_np=True-from_adjmat=False]" time="0.001" /><testcase classname="qdscreen.tests.test_core" name="test_qd_forest[is_np=False-from_adjmat=True]" time="0.009" /><testcase classname="qdscreen.tests.test_core" name="test_qd_forest[is_np=False-from_adjmat=False]" time="0.010" /><testcase classname="qdscreen.tests.test_core" name="test_qd_forest_str[True-True]" time="0.001" /><testcase classname="qdscreen.tests.test_core" name="test_qd_forest_str[True-False]" time="0.001" /><testcase classname="qdscreen.tests.test_core" name="test_qd_forest_str[False-True]" time="0.011" /><testcase classname="qdscreen.tests.test_core" name="test_qd_forest_str[False-False]" time="0.010" /><testcase classname="qdscreen.tests.test_readme" name="test_encoding" time="0.001" /><testcase classname="qdscreen.tests.test_readme" name="test_readme_simple" time="0.094" /><testcase classname="qdscreen.tests.test_readme" name="test_readme_quasi" time="2.190" /><testcase classname="qdscreen.tests.test_readme" name="test_readme_skl[int]" time="0.048" /><testcase classname="qdscreen.tests.test_readme" name="test_readme_skl[str]" time="0.046" /><testcase classname="qdscreen.tests.test_readme" name="test_readme_skl[mixed]" time="0.001"><skipped message="Mixed dtypes do not exist in numpy unstructured arrays" type="pytest.skip">/home/runner/work/qdscreen/qdscreen/qdscreen/tests/test_readme.py:214: Mixed dtypes do not exist in numpy unstructured arrays</skipped></testcase><testcase classname="qdscreen.tests.test_readme" name="test_readme[pandas]" time="0.513" /><testcase classname="qdscreen.tests.test_readme" name="test_readme[numpy_unstructured]" time="0.484" /></testsuite></testsuites>