<?xml version="1.0" encoding="utf-8"?><testsuites><testsuite name="pytest" errors="0" failures="0" skipped="1" tests="26" time="6.174" timestamp="2022-09-22T09:42:09.951653" hostname="fv-az617-843"><testcase classname="qdscreen.tests.test_core" name="test_adjacency_strict" time="0.017" /><testcase classname="qdscreen.tests.test_core" name="test_adjacency_invalid_thresholds" time="0.001" /><testcase classname="qdscreen.tests.test_core" name="test_adjacency_quasi_low_threshold[None-None]" time="0.014" /><testcase classname="qdscreen.tests.test_core" name="test_adjacency_quasi_low_threshold[0.2-None]" time="0.014" /><testcase classname="qdscreen.tests.test_core" name="test_adjacency_quasi_low_threshold[None-0.15]" time="0.019" /><testcase classname="qdscreen.tests.test_core" name="test_adjacency_quasi_high_threshold[0.33-None]" time="0.014" /><testcase classname="qdscreen.tests.test_core" name="test_adjacency_quasi_high_threshold[None-0.21]" time="0.019" /><testcase classname="qdscreen.tests.test_core" name="test_remove_redundancies" time="0.003" /><testcase classname="qdscreen.tests.test_core" name="test_qd_forest[is_np=True-from_adjmat=True]" time="0.001" /><testcase classname="qdscreen.tests.test_core" name="test_qd_forest[is_np=True-from_adjmat=False]" time="0.001" /><testcase classname="qdscreen.tests.test_core" name="test_qd_forest[is_np=False-from_adjmat=True]" time="0.008" /><testcase classname="qdscreen.tests.test_core" name="test_qd_forest[is_np=False-from_adjmat=False]" time="0.009" /><testcase classname="qdscreen.tests.test_core" name="test_qd_forest_str[True-True]" time="0.001" /><testcase classname="qdscreen.tests.test_core" name="test_qd_forest_str[True-False]" time="0.001" /><testcase classname="qdscreen.tests.test_core" name="test_qd_forest_str[False-True]" time="0.012" /><testcase classname="qdscreen.tests.test_core" name="test_qd_forest_str[False-False]" time="0.012" /><testcase classname="qdscreen.tests.test_core" name="test_nans_in_data" time="0.027" /><testcase classname="qdscreen.tests.test_core" name="test_nans_in_data_sklearn" time="0.018" /><testcase classname="qdscreen.tests.test_readme" name="test_encoding" time="0.001" /><testcase classname="qdscreen.tests.test_readme" name="test_readme_simple" time="0.097" /><testcase classname="qdscreen.tests.test_readme" name="test_readme_quasi" time="3.369" /><testcase classname="qdscreen.tests.test_readme" name="test_readme_skl[int]" time="0.049" /><testcase classname="qdscreen.tests.test_readme" name="test_readme_skl[str]" time="0.047" /><testcase classname="qdscreen.tests.test_readme" name="test_readme_skl[mixed]" time="0.001"><skipped type="pytest.skip" message="Mixed dtypes do not exist in numpy unstructured arrays">/home/runner/work/qdscreen/qdscreen/qdscreen/tests/test_readme.py:213: Mixed dtypes do not exist in numpy unstructured arrays</skipped></testcase><testcase classname="qdscreen.tests.test_readme" name="test_readme[pandas]" time="0.531" /><testcase classname="qdscreen.tests.test_readme" name="test_readme[numpy_unstructured]" time="0.501" /></testsuite></testsuites>